<?xml version="1.0" encoding="utf-8"?><testsuites name="pytest tests"><testsuite name="pytest" errors="0" failures="0" skipped="0" tests="2" time="0.661" timestamp="2026-05-08T08:37:14.126808+00:00" hostname="agent-env-c99baa11-83a0-49f5-8790-019d6938aa76"><testcase classname="backend.tests.test_platform_api" name="test_api_root_returns_message" time="0.296" /><testcase classname="backend.tests.test_platform_api" name="test_create_status_and_verify_persistence" time="0.150" /></testsuite></testsuites>